\BOOKMARK [0][-]{chapter*.2}{\376\377\000K\000i\000v\000o\000n\000a\000t}{}% 1
\BOOKMARK [0][-]{chapter*.3}{\376\377\000A\000b\000s\000t\000r\000a\000c\000t}{}% 2
\BOOKMARK [0][-]{chapter.1}{\376\377\000B\000e\000v\000e\000z\000e\000t\000\351\000s}{}% 3
\BOOKMARK [1][-]{section.1.1}{\376\377\000A\000\040\000t\000\351\000m\000a\000\040\000a\000k\000t\000u\000a\000l\000i\000t\000\341\000s\000a\000\040\000\351\000s\000\040\000a\000\040\000t\000a\000r\000t\000a\000l\000o\000m\000e\000l\001\121\000\341\000l\000l\000\355\000t\000\341\000s\000\040\000k\000i\000s\000z\000\351\000l\000e\000s\000e\000d\000\351\000s\000e}{chapter.1}% 4
\BOOKMARK [1][-]{section.1.2}{\376\377\000A\000\040\000m\000e\000g\000o\000l\000d\000\341\000s\000\040\000k\000o\000n\000c\000e\000p\000c\000i\000\363\000j\000a\000\040\000\351\000s\000\040\000C\000\351\000l\000k\000i\000t\001\161\000z\000\351\000s}{chapter.1}% 5
\BOOKMARK [1][-]{section.1.3}{\376\377\000A\000\040\000d\000o\000l\000g\000o\000z\000a\000t\000\040\000f\000e\000l\000\351\000p\000\355\000t\000\351\000s\000e}{chapter.1}% 6
\BOOKMARK [0][-]{chapter.2}{\376\377\000T\000e\000c\000h\000n\000o\000l\000\363\000g\000i\000a\000i\000\040\000h\000\341\000t\000t\000\351\000r}{}% 7
\BOOKMARK [1][-]{section.2.1}{\376\377\000A\000\040\000Q\000U\000I\000C\000\040\000p\000r\000o\000t\000o\000k\000o\000l\000l\000\040\000s\000z\000e\000r\000e\000p\000e}{chapter.2}% 8
\BOOKMARK [1][-]{section.2.2}{\376\377\000M\000e\000d\000i\000a\000\040\000o\000v\000e\000r\000\040\000Q\000U\000I\000C\000\040\000\050\000M\000o\000Q\000\051\000\040\000a\000r\000c\000h\000i\000t\000e\000k\000t\000\372\000r\000a}{chapter.2}% 9
\BOOKMARK [2][-]{subsection.2.2.1}{\376\377\000H\000\341\000l\000\363\000z\000a\000t\000i\000\040\000s\000z\000e\000r\000e\000p\000l\001\121\000k\000\040\000\351\000s\000\040\000a\000\040\000R\000e\000l\000a\000y\000\040\000m\000o\000d\000e\000l\000l}{section.2.2}% 10
\BOOKMARK [2][-]{subsection.2.2.2}{\376\377\000M\000o\000Q\000\040\000A\000d\000a\000t\000m\000o\000d\000e\000l\000l\000\040\000\351\000s\000\040\000O\000b\000j\000e\000k\000t\000u\000m\000\040\000h\000i\000e\000r\000a\000r\000c\000h\000i\000a}{section.2.2}% 11
\BOOKMARK [2][-]{subsection.2.2.3}{\376\377\000A\000\040\000k\000a\000t\000a\000l\000\363\000g\000u\000s\000\040\000\050\000C\000a\000t\000a\000l\000o\000g\000\051\000\040\000s\000z\000e\000r\000e\000p\000e\000\040\000\351\000s\000\040\000f\000e\000l\000\351\000p\000\355\000t\000\351\000s\000e}{section.2.2}% 12
\BOOKMARK [2][-]{subsection.2.2.4}{\376\377\000P\000u\000b\000l\000i\000k\000\341\000c\000i\000\363\000s\000\040\000\351\000s\000\040\000F\000e\000l\000i\000r\000a\000t\000k\000o\000z\000\341\000s\000i\000\040\000m\000e\000c\000h\000a\000n\000i\000z\000m\000u\000s\000o\000k}{section.2.2}% 13
\BOOKMARK [1][-]{section.2.3}{\376\377\000A\000\040\000C\000M\000A\000F\000\040\000f\000o\000r\000m\000\341\000t\000u\000m\000\040\000s\000z\000e\000r\000e\000p\000e\000\040\000a\000z\000\040\000a\000l\000a\000c\000s\000o\000n\000y\000\040\000k\000\351\000s\000l\000e\000l\000t\000e\000t\000\351\000s\000b\000e\000n}{chapter.2}% 14
\BOOKMARK [1][-]{section.2.4}{\376\377\000V\000i\000d\000e\000\363\000\040\000t\000a\000r\000t\000a\000l\000o\000m\000\040\000l\000e\000k\000\351\000p\000e\000z\000\351\000s\000e\000\040\000M\000o\000Q\000\040\000o\000b\000j\000e\000k\000t\000u\000m\000o\000k\000r\000a}{chapter.2}% 15
\BOOKMARK [1][-]{section.2.5}{\376\377\000F\000F\000m\000p\000e\000g\000\040\000m\000u\000l\000t\000i\000m\000\351\000d\000i\000a\000\040\000k\000e\000r\000e\000t\000r\000e\000n\000d\000s\000z\000e\000r}{chapter.2}% 16
\BOOKMARK [1][-]{section.2.6}{\376\377\000E\000l\000\351\000r\000h\000e\000t\001\121\000\040\000M\000o\000Q\000\040\000i\000m\000p\000l\000e\000m\000e\000n\000t\000\341\000c\000i\000\363\000k}{chapter.2}% 17
\BOOKMARK [0][-]{chapter.3}{\376\377\000K\000\366\000v\000e\000t\000e\000l\000m\000\351\000n\000y\000e\000l\000e\000m\000z\000\351\000s\000\040\000\351\000s\000\040\000R\000e\000n\000d\000s\000z\000e\000r\000s\000p\000e\000c\000i\000f\000i\000k\000\341\000c\000i\000\363}{}% 18
\BOOKMARK [1][-]{section.3.1}{\376\377\000F\000u\000n\000k\000c\000i\000o\000n\000\341\000l\000i\000s\000\040\000k\000\366\000v\000e\000t\000e\000l\000m\000\351\000n\000y\000e\000k}{chapter.3}% 19
\BOOKMARK [1][-]{section.3.2}{\376\377\000N\000e\000m\000\040\000f\000u\000n\000k\000c\000i\000o\000n\000\341\000l\000i\000s\000\040\000k\000\366\000v\000e\000t\000e\000l\000m\000\351\000n\000y\000e\000k}{chapter.3}% 20
\BOOKMARK [1][-]{section.3.3}{\376\377\000A\000\040\000r\000e\000n\000d\000s\000z\000e\000r\000\040\000h\000a\000t\000\341\000r\000a\000i\000\040\000\050\000S\000c\000o\000p\000e\000\051}{chapter.3}% 21
\BOOKMARK [1][-]{section.3.4}{\376\377\000S\000e\000m\000a\000t\000i\000k\000u\000s\000\040\000r\000e\000n\000d\000s\000z\000e\000r\000k\000o\000n\000c\000e\000p\000c\000i\000\363}{chapter.3}% 22
\BOOKMARK [2][-]{subsection.3.4.1}{\376\377\000A\000r\000c\000h\000i\000t\000e\000k\000t\000u\000r\000\341\000l\000i\000s\000\040\000s\000z\000e\000r\000e\000p\000k\000\366\000r\000\366\000k}{section.3.4}% 23
\BOOKMARK [2][-]{subsection.3.4.2}{\376\377\000M\001\161\000k\000\366\000d\000\351\000s\000i\000\040\000l\000o\000g\000i\000k\000a\000\040\000\351\000s\000\040\000I\000n\000f\000o\000r\000m\000\341\000c\000i\000\363\000\341\000r\000a\000m\000l\000\341\000s}{section.3.4}% 24
\BOOKMARK [0][-]{chapter.4}{\376\377\000T\000e\000r\000v\000e\000z\000\351\000s\000i\000\040\000k\000\351\000r\000d\000\351\000s\000e\000k\000\040\000\351\000s\000\040\000d\000\366\000n\000t\000\351\000s\000e\000k}{}% 25
\BOOKMARK [1][-]{section.4.1}{\376\377\000S\000k\000\341\000l\000\341\000z\000h\000a\000t\000\363\000s\000\341\000g\000:\000\040\000\301\000t\000k\000\363\000d\000o\000l\000\363\000k\000\040\000s\000z\000\341\000m\000a\000\040\000e\000g\000y\000\040\000m\000\351\000d\000i\000a\000\040\000n\000\351\000v\000t\000\351\000r\000b\000e\000n}{chapter.4}% 26
\BOOKMARK [1][-]{section.4.2}{\376\377\000M\001\161\000k\000\366\000d\000\351\000s\000i\000\040\000h\000a\000t\000\363\000k\000\366\000r\000:\000\040\000E\000g\000y\000e\000t\000l\000e\000n\000\040\000f\000o\000r\000r\000\341\000s\000-\000n\000\351\000v\000t\000\351\000r\000\040\000e\000l\000v\000e}{chapter.4}% 27
\BOOKMARK [1][-]{section.4.3}{\376\377\000E\000r\001\121\000f\000o\000r\000r\000\341\000s\000-\000h\000a\000t\000\351\000k\000o\000n\000y\000s\000\341\000g\000:\000\040\000P\000r\000i\000v\000\341\000t\000\040\000v\000a\000g\000y\000\040\000N\000y\000i\000l\000v\000\341\000n\000o\000s\000\040\000s\000\341\000v\000o\000k\000?}{chapter.4}% 28
\BOOKMARK [2][-]{subsection.4.3.1}{\376\377\000A\000\040\000,\000,\000P\000r\000i\000v\000\341\000t\000\040\000s\000\341\000v\000'\000'\000\040\000m\000e\000g\000k\000\366\000z\000e\000l\000\355\000t\000\351\000s}{section.4.3}% 29
\BOOKMARK [2][-]{subsection.4.3.2}{\376\377\000A\000\040\000,\000,\000N\000y\000i\000l\000v\000\341\000n\000o\000s\000\040\000s\000\341\000v\000'\000'\000\040\000\351\000s\000\040\000a\000\040\000c\000a\000c\000h\000e\000-\000h\000a\000t\000\351\000k\000o\000n\000y\000s\000\341\000g}{section.4.3}% 30
\BOOKMARK [1][-]{section.4.4}{\376\377\000D\000i\000n\000a\000m\000i\000k\000u\000s\000\040\000m\000e\000t\000a\000a\000d\000a\000t\000o\000k\000:\000\040\000A\000\040\000K\000a\000t\000a\000l\000\363\000g\000u\000s\000\040\000k\000e\000z\000e\000l\000\351\000s\000e}{chapter.4}% 31
\BOOKMARK [2][-]{subsection.4.4.1}{\376\377\000L\000e\000h\000e\000t\000s\000\351\000g\000e\000s\000\040\000s\000t\000r\000a\000t\000\351\000g\000i\000\341\000k}{section.4.4}% 32
\BOOKMARK [2][-]{subsection.4.4.2}{\376\377\000A\000\040\000v\000\341\000l\000a\000s\000z\000t\000o\000t\000t\000\040\000m\000e\000g\000o\000l\000d\000\341\000s\000:\000\040\000K\000a\000t\000a\000l\000\363\000g\000u\000s\000\040\000K\000\351\000s\000z\000\355\000t\001\121\000\040\000\050\000C\000a\000t\000a\000l\000o\000g\000\040\000m\000a\000k\000e\000r\000\051}{section.4.4}% 33
\BOOKMARK [1][-]{section.4.5}{\376\377\000A\000\040\000f\000e\000l\000h\000a\000s\000z\000n\000\341\000l\000\363\000i\000\040\000i\000g\000\351\000n\000y\000e\000k\000\040\000j\000e\000l\000z\000\351\000s\000e\000:\000\040\000I\000m\000p\000l\000i\000c\000i\000t\000\040\000v\000s\000.\000\040\000E\000x\000p\000l\000i\000c\000i\000t\000\040\000m\000o\000d\000e\000l\000l}{chapter.4}% 34
\BOOKMARK [2][-]{subsection.4.5.1}{\376\377\000A\000z\000\040\000i\000m\000p\000l\000i\000c\000i\000t\000,\000\040\000n\000\351\000v\000t\000\351\000r\000\040\000a\000l\000a\000p\000\372\000\040\000m\000e\000g\000k\000\366\000z\000e\000l\000\355\000t\000\351\000s\000\040\000k\000o\000r\000l\000\341\000t\000a\000i}{section.4.5}% 35
\BOOKMARK [2][-]{subsection.4.5.2}{\376\377\000A\000\040\000v\000\341\000l\000a\000s\000z\000t\000o\000t\000t\000\040\000m\000e\000g\000o\000l\000d\000\341\000s\000:\000\040\000E\000x\000p\000l\000i\000c\000i\000t\000\040\000J\000S\000O\000N\000\040\000a\000l\000a\000p\000\372\000\040\000k\000\351\000r\000\351\000s}{section.4.5}% 36
\BOOKMARK [1][-]{section.4.6}{\376\377\000A\000\040\000v\000\341\000l\000a\000s\000z\000a\000d\000\341\000s\000\040\000a\000s\000z\000i\000m\000m\000e\000t\000r\000i\000\341\000j\000a\000\040\000\351\000s\000\040\000a\000z\000\040\000e\000x\000p\000l\000i\000c\000i\000t\000\040\000e\000l\000u\000t\000a\000s\000\355\000t\000\341\000s\000\040\000h\000i\000\341\000n\000y\000a}{chapter.4}% 37
\BOOKMARK [1][-]{section.4.7}{\376\377\000T\000a\000r\000t\000a\000l\000m\000a\000k\000\040\000s\000z\000i\000n\000k\000r\000o\000n\000i\000z\000\341\000c\000i\000\363\000j\000a\000\040\000\351\000s\000\040\000a\000z\000o\000n\000o\000s\000\355\000t\000\341\000s\000a}{chapter.4}% 38
\BOOKMARK [0][-]{chapter.5}{\376\377\000R\000e\000n\000d\000s\000z\000e\000r\000t\000e\000r\000v\000\040\000\351\000s\000\040\000p\000r\000o\000t\000o\000k\000o\000l\000l\000\040\000k\000i\000a\000l\000a\000k\000\355\000t\000\341\000s}{}% 39
\BOOKMARK [1][-]{section.5.1}{\376\377\000N\000\351\000v\000t\000\351\000r\000\040\000\351\000s\000\040\000s\000\341\000v\000s\000t\000r\000u\000k\000t\000\372\000r\000a\000\040\000t\000e\000r\000v\000e\000z\000\351\000s\000e}{chapter.5}% 40
\BOOKMARK [2][-]{subsection.5.1.1}{\376\377\000K\000e\000z\000d\000e\000t\000i\000\040\000n\000\351\000v\000t\000\351\000r\000k\000o\000n\000c\000e\000p\000c\000i\000\363}{section.5.1}% 41
\BOOKMARK [2][-]{subsection.5.1.2}{\376\377\000V\000\351\000g\000l\000e\000g\000e\000s\000\040\000n\000\351\000v\000t\000\351\000r\000-\000k\000i\000a\000l\000a\000k\000\355\000t\000\341\000s}{section.5.1}% 42
\BOOKMARK [2][-]{subsection.5.1.3}{\376\377\000K\000i\000m\000e\000n\000e\000t\000i\000\040\000n\000\351\000v\000t\000\351\000r\000\040\000\351\000s\000\040\000d\000e\000t\000e\000r\000m\000i\000n\000i\000s\000z\000t\000i\000k\000u\000s\000\040\000s\000\341\000v\000n\000e\000v\000e\000k}{section.5.1}% 43
\BOOKMARK [1][-]{section.5.2}{\376\377\000A\000\040\000k\000\351\000r\000\351\000s\000\040\000a\000d\000a\000t\000m\000o\000d\000e\000l\000l\000j\000\351\000n\000e\000k\000\040\000g\000y\000a\000k\000o\000r\000l\000a\000t\000i\000\040\000t\000e\000r\000v\000e}{chapter.5}% 44
\BOOKMARK [2][-]{subsection.5.2.1}{\376\377\000J\000S\000O\000N\000\040\000f\000o\000r\000m\000\341\000t\000u\000m\000\040\000v\000\341\000l\000a\000s\000z\000t\000\341\000s\000a}{section.5.2}% 45
\BOOKMARK [2][-]{subsection.5.2.2}{\376\377\000A\000d\000a\000t\000m\000o\000d\000e\000l\000l\000\040\000f\000e\000l\000\351\000p\000\355\000t\000\351\000s\000e}{section.5.2}% 46
\BOOKMARK [1][-]{section.5.3}{\376\377\000R\000e\000n\000d\000s\000z\000e\000r\000k\000o\000m\000p\000o\000n\000e\000n\000s\000e\000k\000\040\000\351\000s\000\040\000a\000\040\000k\000o\000m\000m\000u\000n\000i\000k\000\341\000c\000i\000\363\000s\000\040\000f\000o\000l\000y\000a\000m\000a\000t\000\040\000k\000\366\000z\000\366\000t\000t\000\374\000k}{chapter.5}% 47
\BOOKMARK [2][-]{subsection.5.3.1}{\376\377\000S\000z\000e\000r\000e\000p\000k\000\366\000r\000\366\000k\000\040\000a\000z\000\040\000a\000r\000c\000h\000i\000t\000e\000k\000t\000\372\000r\000\341\000b\000a\000n}{section.5.3}% 48
\BOOKMARK [2][-]{subsection.5.3.2}{\376\377\000R\000\351\000s\000z\000l\000e\000t\000e\000s\000\040\000k\000o\000m\000m\000u\000n\000i\000k\000\341\000c\000i\000\363\000s\000\040\000f\000o\000l\000y\000a\000m\000a\000t}{section.5.3}% 49
\BOOKMARK [0][-]{chapter.6}{\376\377\000I\000m\000p\000l\000e\000m\000e\000n\000t\000\341\000c\000i\000\363}{}% 50
\BOOKMARK [1][-]{section.6.1}{\376\377\000F\000e\000j\000l\000e\000s\000z\000t\000\351\000s\000i\000\040\000k\000\366\000r\000n\000y\000e\000z\000e\000t}{chapter.6}% 51
\BOOKMARK [1][-]{section.6.2}{\376\377\000K\000i\000i\000n\000d\000u\000l\000\341\000s\000i\000\040\000\341\000l\000l\000a\000p\000o\000t}{chapter.6}% 52
\BOOKMARK [1][-]{section.6.3}{\376\377\000A\000\040\000C\000a\000t\000a\000l\000o\000g\000\040\000M\000a\000k\000e\000r\000\040\000m\000e\000g\000v\000a\000l\000\363\000s\000\355\000t\000\341\000s\000a}{chapter.6}% 53
\BOOKMARK [2][-]{subsection.6.3.1}{\376\377\000B\000e\000l\000s\001\121\000\040\000a\000r\000c\000h\000i\000t\000e\000k\000t\000\372\000r\000a\000\040\000\351\000s\000\040\000a\000d\000a\000t\000m\000o\000d\000e\000l\000l}{section.6.3}% 54
\BOOKMARK [2][-]{subsection.6.3.2}{\376\377\000E\000s\000e\000m\000\351\000n\000y\000v\000e\000z\000\351\000r\000e\000l\000t\000\040\000m\001\161\000k\000\366\000d\000\351\000s\000i\000\040\000l\000o\000g\000i\000k\000a}{section.6.3}% 55
\BOOKMARK [2][-]{subsection.6.3.3}{\376\377\000D\000i\000n\000a\000m\000i\000k\000u\000s\000\040\000f\000e\000l\000f\000e\000d\000e\000z\000\351\000s\000\040\000i\000m\000p\000l\000e\000m\000e\000n\000t\000\341\000c\000i\000\363\000j\000a}{section.6.3}% 56
\BOOKMARK [1][-]{section.6.4}{\376\377\000A\000\040\000T\000r\000a\000n\000s\000c\000o\000d\000e\000\040\000k\000l\000i\000e\000n\000s\000\040\000b\000e\000l\000s\001\121\000\040\000l\000o\000g\000i\000k\000\341\000j\000a}{chapter.6}% 57
\BOOKMARK [2][-]{subsection.6.4.1}{\376\377\000A\000s\000z\000i\000n\000k\000r\000o\000n\000\040\000f\000e\000l\000a\000d\000a\000t\000k\000e\000z\000e\000l\000\351\000s}{section.6.4}% 58
\BOOKMARK [2][-]{subsection.6.4.2}{\376\377\000M\000\351\000d\000i\000a\000\040\000p\000r\000o\000c\000e\000s\000s\000z\000\341\000l\000\341\000s\000\040\000\351\000s\000\040\000a\000d\000a\000t\000\372\000t\000v\000o\000n\000a\000l}{section.6.4}% 59
\BOOKMARK [1][-]{section.6.5}{\376\377\000A\000\040\000k\000\351\000r\000\351\000s\000k\000e\000z\000e\000l\001\121\000\040\000l\000o\000g\000i\000k\000a\000\040\000\351\000s\000\040\000a\000\040\000k\000l\000i\000e\000n\000s\000\040\000m\001\161\000k\000\366\000d\000\351\000s\000e}{chapter.6}% 60
\BOOKMARK [0][-]{chapter.7}{\376\377\000K\000i\000\351\000r\000t\000\351\000k\000e\000l\000\351\000s}{}% 61
\BOOKMARK [1][-]{section.7.1}{\376\377\000T\000e\000s\000z\000t\000k\000\366\000r\000n\000y\000e\000z\000e\000t\000\040\000\351\000s\000\040\000k\000o\000n\000f\000i\000g\000u\000r\000\341\000c\000i\000\363}{chapter.7}% 62
\BOOKMARK [1][-]{section.7.2}{\376\377\000F\000u\000n\000k\000c\000i\000o\000n\000\341\000l\000i\000s\000\040\000e\000l\000l\000e\000n\001\121\000r\000z\000\351\000s}{chapter.7}% 63
\BOOKMARK [1][-]{section.7.3}{\376\377\000T\000e\000l\000j\000e\000s\000\355\000t\000m\000\351\000n\000y\000m\000\351\000r\000\351\000s\000e\000k}{chapter.7}% 64
\BOOKMARK [2][-]{subsection.7.3.1}{\376\377\000K\000\351\000s\000l\000e\000l\000t\000e\000t\000\351\000s\000\040\000\050\000L\000a\000t\000e\000n\000c\000y\000\051}{section.7.3}% 65
\BOOKMARK [2][-]{subsection.7.3.2}{\376\377\000E\000r\001\121\000f\000o\000r\000r\000\341\000s\000-\000i\000g\000\351\000n\000y\000\040\000\351\000s\000\040\000P\000u\000f\000f\000e\000r\000k\000e\000z\000e\000l\000\351\000s}{section.7.3}% 66
\BOOKMARK [1][-]{section.7.4}{\376\377\000T\000e\000s\000z\000t\000e\000k\000\040\000\366\000s\000s\000z\000e\000g\000z\000\351\000s\000e}{chapter.7}% 67
\BOOKMARK [0][-]{chapter.8}{\376\377\000\326\000s\000s\000z\000e\000f\000o\000g\000l\000a\000l\000\341\000s\000\040\000\351\000s\000\040\000t\000o\000v\000\341\000b\000b\000i\000\040\000f\000e\000j\000l\000e\000s\000z\000t\000\351\000s\000i\000\040\000i\000r\000\341\000n\000y\000o\000k}{}% 68
\BOOKMARK [1][-]{section.8.1}{\376\377\000M\000u\000n\000k\000a\000\040\000\366\000s\000s\000z\000e\000f\000o\000g\000l\000a\000l\000\341\000s\000a}{chapter.8}% 69
\BOOKMARK [1][-]{section.8.2}{\376\377\000T\000o\000v\000\341\000b\000b\000f\000e\000j\000l\000e\000s\000z\000t\000\351\000s\000i\000\040\000l\000e\000h\000e\000t\001\121\000s\000\351\000g\000e\000k}{chapter.8}% 70
\BOOKMARK [2][-]{subsection.8.2.1}{\376\377\000P\000r\000o\000t\000o\000k\000o\000l\000l\000-\000s\000z\000i\000n\000t\001\161\000\040\000m\000\351\000l\000y\000\355\000t\000\351\000s\000\040\000\351\000s\000\040\000M\000o\000Q\000\040\000f\000u\000n\000k\000c\000i\000\363\000k}{section.8.2}% 71
\BOOKMARK [2][-]{subsection.8.2.2}{\376\377\000A\000z\000\040\000\341\000t\000k\000\363\000d\000o\000l\000\363\000\040\000k\000o\000m\000p\000o\000n\000e\000n\000s\000\040\000o\000p\000t\000i\000m\000a\000l\000i\000z\000\341\000l\000\341\000s\000a}{section.8.2}% 72
\BOOKMARK [2][-]{subsection.8.2.3}{\376\377\000\332\000j\000\040\000\341\000t\000k\000\363\000d\000o\000l\000\341\000s\000i\000\040\000f\000u\000n\000k\000c\000i\000\363\000k\000\040\000\351\000s\000\040\000s\000z\000o\000l\000g\000\341\000l\000t\000a\000t\000\341\000s\000o\000k}{section.8.2}% 73
\BOOKMARK [2][-]{subsection.8.2.4}{\376\377\000S\000k\000\341\000l\000\341\000z\000h\000a\000t\000\363\000s\000\341\000g\000\040\000\351\000s\000\040\000O\000r\000k\000e\000s\000z\000t\000r\000\341\000c\000i\000\363}{section.8.2}% 74
\BOOKMARK [0][-]{chapter*.37}{\376\377\000K\000\366\000s\000z\000\366\000n\000e\000t\000n\000y\000i\000l\000v\000\341\000n\000\355\000t\000\341\000s}{}% 75
\BOOKMARK [0][-]{chapter*.37}{\376\377\000I\000r\000o\000d\000a\000l\000o\000m\000j\000e\000g\000y\000z\000\351\000k}{}% 76
\BOOKMARK [0][-]{appendix*.39}{\376\377\000F\000\374\000g\000g\000e\000l\000\351\000k}{}% 77
\BOOKMARK [1][-]{section.F.1}{\376\377\000P\000r\000o\000j\000e\000k\000t\000\040\000G\000i\000t\000H\000u\000b\000\040\000r\000e\000p\000o\000z\000i\000t\000\363\000r\000i\000u\000m\000a}{appendix*.39}% 78
\BOOKMARK [1][-]{section.F.2}{\376\377\000R\000e\000q\000u\000e\000s\000t\000\040\000J\000S\000O\000N\000\040\000s\000\351\000m\000a}{appendix*.39}% 79
